<?xml version="1.0" encoding="UTF-8"?>
<!-- Generated by org.testng.reporters.JUnitReportReporter -->
<testsuite skipped="0" hostname="Muduli-Rakshasa" name="DAY1.Login" tests="1" failures="0" timestamp="17 Sep 2017 12:01:21 GMT" time="27.184" errors="0">
  <testcase name="login" time="27.184" classname="DAY1.Login"/>
</testsuite> <!-- DAY1.Login -->
