<?xml version="1.0" encoding="UTF-8"?>
<!-- Generated by org.testng.reporters.JUnitReportReporter -->
<testsuite skipped="0" hostname="Muduli-Rakshasa" name="DAY1.Login2" tests="1" failures="0" timestamp="17 Sep 2017 12:01:21 GMT" time="27.629" errors="0">
  <testcase name="login2" time="27.629" classname="DAY1.Login2"/>
</testsuite> <!-- DAY1.Login2 -->
